nohup: ignoring input
&{Env:test Kitex:{Service:user Address::8888 EnablePprof:false EnableGzip:false EnableAccessLog:false LogLevel:info LogFileName:log/kitex.log LogMaxSize:10 LogMaxBackups:50 LogMaxAge:3} MySQL:{DSN:root:Sss15946768062@tcp(47.100.224.26:3306)/tiktok8062?charset=utf8&parseTime=True&loc=Local} Redis:{Address:47.100.224.26:6379 Username: Password:} Registry:{RegistryAddress:[127.0.0.1:2379] Username: Password:} Jwt:{SignKey:}}
&{[115 105 103 110 107 101 121]}
token contains an invalid number of segments
&{[115 105 103 110 107 101 121]}
token contains an invalid number of segments
&{[115 105 103 110 107 101 121]}
token contains an invalid number of segments
&{[115 105 103 110 107 101 121]}
token contains an invalid number of segments
&{[115 105 103 110 107 101 121]}
token contains an invalid number of segments
&{[115 105 103 110 107 101 121]}
token contains an invalid number of segments
&{[115 105 103 110 107 101 121]}
token contains an invalid number of segments
&{[115 105 103 110 107 101 121]}
token contains an invalid number of segments
&{[115 105 103 110 107 101 121]}
token contains an invalid number of segments
&{[115 105 103 110 107 101 121]}
token contains an invalid number of segments
&{[115 105 103 110 107 101 121]}
23
&{[115 105 103 110 107 101 121]}
23
&{[115 105 103 110 107 101 121]}
23
当前无视频！
&{[115 105 103 110 107 101 121]}
23
当前无视频！
&{[115 105 103 110 107 101 121]}
23
当前无视频！
&{[115 105 103 110 107 101 121]}
23
当前无视频！
&{[115 105 103 110 107 101 121]}
23
当前无视频！
&{[115 105 103 110 107 101 121]}
23
当前无视频！
&{[115 105 103 110 107 101 121]}
23
当前无视频！
&{[115 105 103 110 107 101 121]}
23
&{[115 105 103 110 107 101 121]}
23
当前无视频！
&{[115 105 103 110 107 101 121]}
23
当前无视频！
&{[115 105 103 110 107 101 121]}
23
当前无视频！
&{[115 105 103 110 107 101 121]}
23
当前无视频！
&{[115 105 103 110 107 101 121]}
23
&{[115 105 103 110 107 101 121]}
23
当前无视频！
&{[115 105 103 110 107 101 121]}
23
当前无视频！
&{[115 105 103 110 107 101 121]}
23
当前无视频！
&{[115 105 103 110 107 101 121]}
23
当前无视频！
&{[115 105 103 110 107 101 121]}
token contains an invalid number of segments
&{[115 105 103 110 107 101 121]}
25
&{[115 105 103 110 107 101 121]}
token contains an invalid number of segments
&{[115 105 103 110 107 101 121]}
23
&{[115 105 103 110 107 101 121]}
23
当前无视频！
&{[115 105 103 110 107 101 121]}
23
当前无视频！
&{[115 105 103 110 107 101 121]}
23
当前无视频！
